<?xml version="1.0" encoding="UTF-8"?>
<!-- Generated by org.testng.reporters.JUnitReportReporter -->
<testsuite skipped="0" hostname="Chowdary" name="windowAuthentication.Authentication" tests="1" failures="0" timestamp="22 Jan 2018 06:07:56 GMT" time="13.866" errors="0">
  <testcase name="auth" time="13.866" classname="windowAuthentication.Authentication"/>
</testsuite> <!-- windowAuthentication.Authentication -->
