<?xml version="1.0" encoding="UTF-8"?>
<!-- Generated by org.testng.reporters.JUnitReportReporter -->
<testsuite skipped="0" hostname="Chowdary" name="webTable.WebTable" tests="1" failures="0" timestamp="23 Jan 2018 04:45:18 GMT" time="121.672" errors="0">
  <testcase name="table" time="121.672" classname="webTable.WebTable"/>
</testsuite> <!-- webTable.WebTable -->
